C:\Program Files (x86)\Microsoft Visual Studio\2019\Community\MSBuild\Microsoft\VC\v160\Microsoft.CppBuild.targets(467,5): warning MSB8028: The intermediate directory (Debug\) contains files shared from another project (GAME1017_Template_W01.vcxproj).  This can lead to incorrect clean and rebuild behavior.
  Button.cpp
  CollisionManager.cpp
  DebugManager.cpp
  Engine.cpp
  EventManager.cpp
  FontManager.cpp
  Label.cpp
  Main.cpp
  MathManager.cpp
  PlatformEnemy.cpp
C:\Users\nestor santiago\Desktop\GAME1017_A2_Shah1Plata2\GameProduction 2\PlatformEnemy.cpp(27,19): warning C4244: '+=': conversion from 'double' to 'float', possible loss of data
  PlatformPlayer.cpp
C:\Users\nestor santiago\Desktop\GAME1017_A2_Shah1Plata2\GameProduction 2\PlatformPlayer.cpp(27,19): warning C4244: '+=': conversion from 'double' to 'float', possible loss of data
  SoundManager.cpp
  StateManager.cpp
  States.cpp
  TextureManager.cpp
  Generating Code...
  GameProduction 2.vcxproj -> C:\Users\nestor santiago\Desktop\GAME1017_A2_Shah1Plata2\Debug\GameProduction 2.exe
