c:\users\aj_ri\desktop\game1017_w03_platformer\game1017_template_w01\debug\vc141.pdb
c:\users\aj_ri\desktop\game1017_w03_platformer\game1017_template_w01\debug\vc141.idb
c:\users\aj_ri\desktop\game1017_w03_platformer\game1017_template_w01\debug\texturemanager.obj
c:\users\aj_ri\desktop\game1017_w03_platformer\game1017_template_w01\debug\states.obj
c:\users\aj_ri\desktop\game1017_w03_platformer\game1017_template_w01\debug\mathmanager.obj
c:\users\aj_ri\desktop\game1017_w03_platformer\game1017_template_w01\debug\main.obj
c:\users\aj_ri\desktop\game1017_w03_platformer\game1017_template_w01\debug\label.obj
c:\users\aj_ri\desktop\game1017_w03_platformer\game1017_template_w01\debug\statemanager.obj
c:\users\aj_ri\desktop\game1017_w03_platformer\game1017_template_w01\debug\soundmanager.obj
c:\users\aj_ri\desktop\game1017_w03_platformer\game1017_template_w01\debug\platformplayer.obj
c:\users\aj_ri\desktop\game1017_w03_platformer\game1017_template_w01\debug\fontmanager.obj
c:\users\aj_ri\desktop\game1017_w03_platformer\game1017_template_w01\debug\eventmanager.obj
c:\users\aj_ri\desktop\game1017_w03_platformer\game1017_template_w01\debug\engine.obj
c:\users\aj_ri\desktop\game1017_w03_platformer\game1017_template_w01\debug\debugmanager.obj
c:\users\aj_ri\desktop\game1017_w03_platformer\game1017_template_w01\debug\collisionmanager.obj
c:\users\aj_ri\desktop\game1017_w03_platformer\game1017_template_w01\debug\button.obj
c:\users\aj_ri\desktop\game1017_w03_platformer\debug\game1017_template_w01.ilk
c:\users\aj_ri\desktop\game1017_w03_platformer\debug\game1017_template_w01.exe
c:\users\aj_ri\desktop\game1017_w03_platformer\debug\game1017_template_w01.pdb
c:\users\aj_ri\desktop\game1017_w03_platformer\game1017_template_w01\debug\game1017.2745dd34.tlog\cl.command.1.tlog
c:\users\aj_ri\desktop\game1017_w03_platformer\game1017_template_w01\debug\game1017.2745dd34.tlog\cl.read.1.tlog
c:\users\aj_ri\desktop\game1017_w03_platformer\game1017_template_w01\debug\game1017.2745dd34.tlog\cl.write.1.tlog
c:\users\aj_ri\desktop\game1017_w03_platformer\game1017_template_w01\debug\game1017.2745dd34.tlog\link.command.1.tlog
c:\users\aj_ri\desktop\game1017_w03_platformer\game1017_template_w01\debug\game1017.2745dd34.tlog\link.read.1.tlog
c:\users\aj_ri\desktop\game1017_w03_platformer\game1017_template_w01\debug\game1017.2745dd34.tlog\link.write.1.tlog
